## Footprint report - date 2026-04-08T18:29:22+0530
## Created by KiCad version 9.0.6
## Unit = mm, Angle = deg.

$BeginDESCRIPTION

$BOARD
upper_left_corner 69.367800 91.389200
lower_right_corner 111.760000 111.886600
$EndBOARD

$MODULE C1
footprint Capacitor_SMD:CP_Elec_6.3x5.3
attribut smd
position 75.590400 103.079200  orientation 90.00
layer front
$PAD "1"
Shape Roundrect Layer front
position -2.800000  0.000000  size  3.500000  1.600000  orientation 0.00
drill  0.000000
shape_offset  0.000000  0.000000
$EndPAD
$PAD "2"
Shape Roundrect Layer front
position  2.800000  0.000000  size  3.500000  1.600000  orientation 0.00
drill  0.000000
shape_offset  0.000000  0.000000
$EndPAD
$EndMODULE  C1

$MODULE C2
footprint Capacitor_SMD:CP_Elec_6.3x5.3
attribut smd
position 104.444800 102.203600  orientation -90.00
layer front
$PAD "1"
Shape Roundrect Layer front
position -2.800000  0.000000  size  3.500000  1.600000  orientation 360.00
drill  0.000000
shape_offset  0.000000  0.000000
$EndPAD
$PAD "2"
Shape Roundrect Layer front
position  2.800000  0.000000  size  3.500000  1.600000  orientation 360.00
drill  0.000000
shape_offset  0.000000  0.000000
$EndPAD
$EndMODULE  C2

$MODULE D1
footprint PCM_Diode_SMD_AKL:D_2010_5025Metric
attribut smd
position 77.150400 95.961200  orientation 0.00
layer front
$PAD "1"
Shape Roundrect Layer front
position -2.250000  0.000000  size  1.350000  2.650000  orientation 0.00
drill  0.000000
shape_offset  0.000000  0.000000
$EndPAD
$PAD "2"
Shape Roundrect Layer front
position  2.250000  0.000000  size  1.350000  2.650000  orientation 0.00
drill  0.000000
shape_offset  0.000000  0.000000
$EndPAD
$EndMODULE  D1

$MODULE D2
footprint PCM_SparkFun-LED:LED_0603_1608Metric
attribut smd
position 109.524800 103.784400  orientation 90.00
layer front
$PAD "1"
Shape Roundrect Layer front
position -0.787500  0.000000  size  0.875000  0.950000  orientation 0.00
drill  0.000000
shape_offset  0.000000  0.000000
$EndPAD
$PAD "2"
Shape Roundrect Layer front
position  0.787500  0.000000  size  0.875000  0.950000  orientation 0.00
drill  0.000000
shape_offset  0.000000  0.000000
$EndPAD
$EndMODULE  D2

$MODULE H1
footprint MountingHole:MountingHole_2.1mm
attribut virtual
position 102.463600 94.691200  orientation 0.00
layer front
$PAD ""
Shape Circle Layer both
position  0.000000  0.000000  size  2.100000  2.100000  orientation 0.00
drill  2.100000
shape_offset  0.000000  0.000000
$EndPAD
$EndMODULE  H1

$MODULE H2
footprint MountingHole:MountingHole_2.1mm
attribut virtual
position 102.412800 109.347000  orientation 0.00
layer front
$PAD ""
Shape Circle Layer both
position  0.000000  0.000000  size  2.100000  2.100000  orientation 0.00
drill  2.100000
shape_offset  0.000000  0.000000
$EndPAD
$EndMODULE  H2

$MODULE J1
footprint PCM_SL_Connectors:PinSocket_1x01_P2.54mm_Vertical
attribut none
position 109.423200 110.185200  orientation 0.00
layer front
$PAD "1"
Shape Rect Layer both
position  0.000000  0.000000  size  2.800000  1.800000  orientation 0.00
drill  1.000000
shape_offset  0.000000  0.000000
$EndPAD
$EndMODULE  J1

$MODULE J2
footprint PCM_SL_Connectors:PinSocket_1x01_P2.54mm_Vertical
attribut none
position 71.628000 110.134400  orientation 0.00
layer front
$PAD "1"
Shape Rect Layer both
position  0.000000  0.000000  size  2.800000  1.800000  orientation 0.00
drill  1.000000
shape_offset  0.000000  0.000000
$EndPAD
$EndMODULE  J2

$MODULE J3
footprint PCM_SL_Connectors:PinSocket_1x01_P2.54mm_Vertical
attribut none
position 71.577200 93.167200  orientation 0.00
layer front
$PAD "1"
Shape Rect Layer both
position  0.000000  0.000000  size  2.800000  1.800000  orientation 0.00
drill  1.000000
shape_offset  0.000000  0.000000
$EndPAD
$EndMODULE  J3

$MODULE J4
footprint PCM_SL_Connectors:PinHeader_1x01_P2.54mm_Vertical
attribut none
position 109.321600 93.218000  orientation 0.00
layer front
$PAD "1"
Shape Rect Layer both
position  0.000000  0.000000  size  2.800000  1.800000  orientation 0.00
drill  1.000000
shape_offset  0.000000  0.000000
$EndPAD
$EndMODULE  J4

$MODULE L1
footprint Inductor_SMD:L_Chilisin_BMRB00060612
attribut smd
position 96.266000 104.828200  orientation 90.00
layer front
$PAD "1"
Shape Roundrect Layer front
position -3.025000  0.000000  size  2.350000  3.500000  orientation 0.00
drill  0.000000
shape_offset  0.000000  0.000000
$EndPAD
$PAD "2"
Shape Roundrect Layer front
position  3.025000  0.000000  size  2.350000  3.500000  orientation 0.00
drill  0.000000
shape_offset  0.000000  0.000000
$EndPAD
$EndMODULE  L1

$MODULE R1
footprint Capacitor_SMD:C_1206_3216Metric
attribut smd
position 96.521800 98.806000  orientation 180.00
layer front
$PAD "1"
Shape Roundrect Layer front
position -1.475000  0.000000  size  1.150000  1.800000  orientation 0.00
drill  0.000000
shape_offset  0.000000  0.000000
$EndPAD
$PAD "2"
Shape Roundrect Layer front
position  1.475000  0.000000  size  1.150000  1.800000  orientation 0.00
drill  0.000000
shape_offset  0.000000  0.000000
$EndPAD
$EndMODULE  R1

$MODULE R2
footprint Capacitor_SMD:C_1206_3216Metric
attribut smd
position 109.575600 99.363000  orientation -90.00
layer front
$PAD "1"
Shape Roundrect Layer front
position -1.475000  0.000000  size  1.150000  1.800000  orientation 360.00
drill  0.000000
shape_offset  0.000000  0.000000
$EndPAD
$PAD "2"
Shape Roundrect Layer front
position  1.475000  0.000000  size  1.150000  1.800000  orientation 360.00
drill  0.000000
shape_offset  0.000000  0.000000
$EndPAD
$EndMODULE  R2

$MODULE RV1
footprint PCM_Potentiometer_THT_US_AKL_Double:Potentiometer_Bourns_3266Y_Vertical
attribut none
position 98.907600 94.691200  orientation 0.00
layer front
$PAD "1"
Shape Circle Layer both
position  0.000000  0.000000  size  1.440000  1.440000  orientation 0.00
drill  0.800000
shape_offset  0.000000  0.000000
$EndPAD
$PAD "2"
Shape Circle Layer both
position -2.540000  0.000000  size  1.440000  1.440000  orientation 0.00
drill  0.800000
shape_offset  0.000000  0.000000
$EndPAD
$PAD "3"
Shape Circle Layer both
position -5.080000  0.000000  size  1.440000  1.440000  orientation 0.00
drill  0.800000
shape_offset  0.000000  0.000000
$EndPAD
$EndMODULE  RV1

$MODULE U1
footprint Package_TO_SOT_SMD:TO-263-5_TabPin3
attribut smd
position 86.645800 98.514600  orientation 90.00
layer front
$PAD ""
Shape Roundrect Layer nocopper
position -0.925000 -2.775000  size  4.550000  5.250000  orientation 0.00
drill  0.000000
shape_offset  0.000000  0.000000
$EndPAD
$PAD ""
Shape Roundrect Layer nocopper
position -0.925000  2.775000  size  4.550000  5.250000  orientation 0.00
drill  0.000000
shape_offset  0.000000  0.000000
$EndPAD
$PAD ""
Shape Roundrect Layer nocopper
position  3.925000 -2.775000  size  4.550000  5.250000  orientation 0.00
drill  0.000000
shape_offset  0.000000  0.000000
$EndPAD
$PAD ""
Shape Roundrect Layer nocopper
position  3.925000  2.775000  size  4.550000  5.250000  orientation 0.00
drill  0.000000
shape_offset  0.000000  0.000000
$EndPAD
$PAD "1"
Shape Roundrect Layer front
position -7.650000 -3.400000  size  4.600000  1.100000  orientation 0.00
drill  0.000000
shape_offset  0.000000  0.000000
$EndPAD
$PAD "2"
Shape Roundrect Layer front
position -7.650000 -1.700000  size  4.600000  1.100000  orientation 0.00
drill  0.000000
shape_offset  0.000000  0.000000
$EndPAD
$PAD "3"
Shape Roundrect Layer front
position -7.650000  0.000000  size  4.600000  1.100000  orientation 0.00
drill  0.000000
shape_offset  0.000000  0.000000
$EndPAD
$PAD "3"
Shape Roundrect Layer front
position  1.500000  0.000000  size  9.400000 10.800000  orientation 0.00
drill  0.000000
shape_offset  0.000000  0.000000
$EndPAD
$PAD "4"
Shape Roundrect Layer front
position -7.650000  1.700000  size  4.600000  1.100000  orientation 0.00
drill  0.000000
shape_offset  0.000000  0.000000
$EndPAD
$PAD "5"
Shape Roundrect Layer front
position -7.650000  3.400000  size  4.600000  1.100000  orientation 0.00
drill  0.000000
shape_offset  0.000000  0.000000
$EndPAD
$EndMODULE  U1

$EndDESCRIPTION
